This is XeTeX, Version 3.14159265-2.6-0.999991 (TeX Live 2019) (preloaded format=xelatex 2019.6.28)  1 JUL 2019 11:16
entering extended mode
 restricted \write18 enabled.
 %&-line parsing enabled.
**practice_contents_with_answers.tex
(./practice_contents_with_answers.tex
LaTeX2e <2018-12-01>
(./problemset.cls
Document Class: problemset 2016/09/15- v1.0 My class for MIT homework
(/Users/wangcc.me/Library/TinyTeX/texmf-dist/tex/latex/base/article.cls
Document Class: article 2018/09/03 v1.4i Standard LaTeX document class
(/Users/wangcc.me/Library/TinyTeX/texmf-dist/tex/latex/base/size12.clo
File: size12.clo 2018/09/03 v1.4i Standard LaTeX file (size option)
)
\c@part=\count80
\c@section=\count81
\c@subsection=\count82
\c@subsubsection=\count83
\c@paragraph=\count84
\c@subparagraph=\count85
\c@figure=\count86
\c@table=\count87
\abovecaptionskip=\skip41
\belowcaptionskip=\skip42
\bibindent=\dimen102
) (./problemset.sty
Package: problemset 2016/09/15{} macros for homeworks
(./6046.sty
Package: 6046 2011/02/01{} macros for 6.046
(/Users/wangcc.me/Library/TinyTeX/texmf-dist/tex/latex/url/url.sty
\Urlmuskip=\muskip10
Package: url 2013/09/16  ver 3.4  Verb mode for urls, etc.
) (/Users/wangcc.me/Library/TinyTeX/texmf-dist/tex/latex/base/latexsym.sty
Package: latexsym 1998/08/17 v2.2e Standard LaTeX package (lasy symbols)
\symlasy=\mathgroup4
LaTeX Font Info:    Overwriting symbol font `lasy' in version `bold'
(Font)                  U/lasy/m/n --> U/lasy/b/n on input line 52.
) (/Users/wangcc.me/Library/TinyTeX/texmf-dist/tex/latex/amsfonts/amssymb.sty
Package: amssymb 2013/01/14 v3.01 AMS font symbols
(/Users/wangcc.me/Library/TinyTeX/texmf-dist/tex/latex/amsfonts/amsfonts.sty
Package: amsfonts 2013/01/14 v3.01 Basic AMSFonts support
\@emptytoks=\toks14
\symAMSa=\mathgroup5
\symAMSb=\mathgroup6
LaTeX Font Info:    Overwriting math alphabet `\mathfrak' in version `bold'
(Font)                  U/euf/m/n --> U/euf/b/n on input line 106.
)) (/Users/wangcc.me/Library/TinyTeX/texmf-dist/tex/latex/amsmath/amsmath.sty
Package: amsmath 2018/12/01 v2.17b AMS math features
\@mathmargin=\skip43
For additional information on amsmath, use the `?' option.
(/Users/wangcc.me/Library/TinyTeX/texmf-dist/tex/latex/amsmath/amstext.sty
Package: amstext 2000/06/29 v2.01 AMS text
(/Users/wangcc.me/Library/TinyTeX/texmf-dist/tex/latex/amsmath/amsgen.sty
File: amsgen.sty 1999/11/30 v2.0 generic functions
\@emptytoks=\toks15
\ex@=\dimen103
)) (/Users/wangcc.me/Library/TinyTeX/texmf-dist/tex/latex/amsmath/amsbsy.sty
Package: amsbsy 1999/11/29 v1.2d Bold Symbols
\pmbraise@=\dimen104
) (/Users/wangcc.me/Library/TinyTeX/texmf-dist/tex/latex/amsmath/amsopn.sty
Package: amsopn 2016/03/08 v2.02 operator names
)
\inf@bad=\count88
LaTeX Info: Redefining \frac on input line 223.
\uproot@=\count89
\leftroot@=\count90
LaTeX Info: Redefining \overline on input line 385.
\classnum@=\count91
\DOTSCASE@=\count92
LaTeX Info: Redefining \ldots on input line 482.
LaTeX Info: Redefining \dots on input line 485.
LaTeX Info: Redefining \cdots on input line 606.
\Mathstrutbox@=\box27
\strutbox@=\box28
\big@size=\dimen105
LaTeX Font Info:    Redeclaring font encoding OML on input line 729.
LaTeX Font Info:    Redeclaring font encoding OMS on input line 730.
\macc@depth=\count93
\c@MaxMatrixCols=\count94
\dotsspace@=\muskip11
\c@parentequation=\count95
\dspbrk@lvl=\count96
\tag@help=\toks16
\row@=\count97
\column@=\count98
\maxfields@=\count99
\andhelp@=\toks17
\eqnshift@=\dimen106
\alignsep@=\dimen107
\tagshift@=\dimen108
\tagwidth@=\dimen109
\totwidth@=\dimen110
\lineht@=\dimen111
\@envbody=\toks18
\multlinegap=\skip44
\multlinetaggap=\skip45
\mathdisplay@stack=\toks19
LaTeX Info: Redefining \[ on input line 2844.
LaTeX Info: Redefining \] on input line 2845.
) (/Users/wangcc.me/Library/TinyTeX/texmf-dist/tex/latex/tools/verbatim.sty
Package: verbatim 2014/10/28 v1.5q LaTeX2e package for verbatim enhancements
\every@verbatim=\toks20
\verbatim@line=\toks21
\verbatim@in@stream=\read1
) (/Users/wangcc.me/Library/TinyTeX/texmf-dist/tex/latex/listings/listings.sty 
(/Users/wangcc.me/Library/TinyTeX/texmf-dist/tex/latex/graphics/keyval.sty
Package: keyval 2014/10/28 v1.15 key=value parser (DPC)
\KV@toks@=\toks22
)
\lst@mode=\count100
\lst@gtempboxa=\box29
\lst@token=\toks23
\lst@length=\count101
\lst@currlwidth=\dimen112
\lst@column=\count102
\lst@pos=\count103
\lst@lostspace=\dimen113
\lst@width=\dimen114
\lst@newlines=\count104
\lst@lineno=\count105
\lst@maxwidth=\dimen115
(/Users/wangcc.me/Library/TinyTeX/texmf-dist/tex/latex/listings/lstmisc.sty
File: lstmisc.sty 2019/02/27 1.8b (Carsten Heinz)
\c@lstnumber=\count106
\lst@skipnumbers=\count107
\lst@framebox=\box30
) (/Users/wangcc.me/Library/TinyTeX/texmf-dist/tex/latex/listings/listings.cfg
File: listings.cfg 2019/02/27 1.8b listings configuration
))
Package: listings 2019/02/27 1.8b (Carsten Heinz)
LaTeX Font Info:    Redeclaring symbol font `largesymbols' on input line 18.
LaTeX Font Info:    Overwriting symbol font `largesymbols' in version `normal'
(Font)                  OMX/cmex/m/n --> OMX/cmex/m/n on input line 18.
LaTeX Font Info:    Overwriting symbol font `largesymbols' in version `bold'
(Font)                  OMX/cmex/m/n --> OMX/cmex/m/n on input line 18.
(/Users/wangcc.me/Library/TinyTeX/texmf-dist/tex/latex/tools/array.sty
Package: array 2018/12/30 v2.4k Tabular extension package (FMi)
\col@sep=\dimen116
\ar@mcellbox=\box31
\extrarowheight=\dimen117
\NC@list=\toks24
\extratabsurround=\skip46
\backup@length=\skip47
\ar@cellbox=\box32
) (/Users/wangcc.me/Library/TinyTeX/texmf-dist/tex/latex/multirow/multirow.sty
Package: multirow 2019/05/31 v2.5 Span multiple rows of a table
\multirow@colwidth=\skip48
\multirow@cntb=\count108
\multirow@dima=\skip49
\bigstrutjot=\dimen118
) (/Users/wangcc.me/Library/TinyTeX/texmf-dist/tex/latex/graphics/color.sty
Package: color 2016/07/10 v1.1e Standard LaTeX Color (DPC)
(/Users/wangcc.me/Library/TinyTeX/texmf-dist/tex/latex/graphics-cfg/color.cfg
File: color.cfg 2016/01/02 v1.6 sample color configuration
)
Package color Info: Driver file: xetex.def on input line 147.
(/Users/wangcc.me/Library/TinyTeX/texmf-dist/tex/latex/graphics-def/xetex.def
File: xetex.def 2017/06/24 v5.0h Graphics/color driver for xetex
)) (./clrscode4e.sty
Package: clrscode4e 
(/Users/wangcc.me/Library/TinyTeX/texmf-dist/tex/latex/graphics/graphics.sty
Package: graphics 2017/06/25 v1.2c Standard LaTeX Graphics (DPC,SPQR)
(/Users/wangcc.me/Library/TinyTeX/texmf-dist/tex/latex/graphics/trig.sty
Package: trig 2016/01/03 v1.10 sin cos tan (DPC)
)
(/Users/wangcc.me/Library/TinyTeX/texmf-dist/tex/latex/graphics-cfg/graphics.cf
g
File: graphics.cfg 2016/06/04 v1.11 sample graphics configuration
)
Package graphics Info: Driver file: xetex.def on input line 99.
)
\c@codelinenumber=\count109
\c@indent=\count110
\digitwidth=\skip50
\savecode=\box33
\codeboxwidth=\skip51
\c@linenumberwidth=\count111
\c@thisindent=\count112
) (/Users/wangcc.me/Library/TinyTeX/texmf-dist/tex/latex/tools/xspace.sty
Package: xspace 2014/10/28 v1.13 Space after command names (DPC,MH)
) (/Users/wangcc.me/Library/TinyTeX/texmf-dist/tex/latex/tools/multicol.sty
Package: multicol 2018/12/27 v1.8v multicolumn formatting (FMi)
\c@tracingmulticols=\count113
\mult@box=\box34
\multicol@leftmargin=\dimen119
\c@unbalance=\count114
\c@collectmore=\count115
\doublecol@number=\count116
\multicoltolerance=\count117
\multicolpretolerance=\count118
\full@width=\dimen120
\page@free=\dimen121
\premulticols=\dimen122
\postmulticols=\dimen123
\multicolsep=\skip52
\multicolbaselineskip=\skip53
\partial@page=\box35
\last@line=\box36
\maxbalancingoverflow=\dimen124
\mult@rightbox=\box37
\mult@grightbox=\box38
\mult@gfirstbox=\box39
\mult@firstbox=\box40
\@tempa=\box41
\@tempa=\box42
\@tempa=\box43
\@tempa=\box44
\@tempa=\box45
\@tempa=\box46
\@tempa=\box47
\@tempa=\box48
\@tempa=\box49
\@tempa=\box50
\@tempa=\box51
\@tempa=\box52
\@tempa=\box53
\@tempa=\box54
\@tempa=\box55
\@tempa=\box56
\@tempa=\box57
\c@columnbadness=\count119
\c@finalcolumnbadness=\count120
\last@try=\dimen125
\multicolovershoot=\dimen126
\multicolundershoot=\dimen127
\mult@nat@firstbox=\box58
\colbreak@box=\box59
\mc@col@check@num=\count121
) (/Users/wangcc.me/Library/TinyTeX/texmf-dist/tex/latex/graphics/graphicx.sty
Package: graphicx 2017/06/01 v1.1a Enhanced LaTeX Graphics (DPC,SPQR)
\Gin@req@height=\dimen128
\Gin@req@width=\dimen129
) (/Users/wangcc.me/Library/TinyTeX/texmf-dist/tex/latex/fancyhdr/fancyhdr.sty
Package: fancyhdr 2019/01/31 v3.10 Extensive control of page headers and footer
s
\f@nch@headwidth=\skip54
\f@nch@O@elh=\skip55
\f@nch@O@erh=\skip56
\f@nch@O@olh=\skip57
\f@nch@O@orh=\skip58
\f@nch@O@elf=\skip59
\f@nch@O@erf=\skip60
\f@nch@O@olf=\skip61
\f@nch@O@orf=\skip62
)
\c@principle=\count122
\c@theorem=\count123
\c@xample=\count124
\savearraycolsep=\skip63
))) (/Users/wangcc.me/Library/TinyTeX/texmf-dist/tex/latex/lm/lmodern.sty
Package: lmodern 2009/10/30 v1.6 Latin Modern Fonts
LaTeX Font Info:    Overwriting symbol font `operators' in version `normal'
(Font)                  OT1/cmr/m/n --> OT1/lmr/m/n on input line 22.
LaTeX Font Info:    Overwriting symbol font `letters' in version `normal'
(Font)                  OML/cmm/m/it --> OML/lmm/m/it on input line 23.
LaTeX Font Info:    Overwriting symbol font `symbols' in version `normal'
(Font)                  OMS/cmsy/m/n --> OMS/lmsy/m/n on input line 24.
LaTeX Font Info:    Overwriting symbol font `largesymbols' in version `normal'
(Font)                  OMX/cmex/m/n --> OMX/lmex/m/n on input line 25.
LaTeX Font Info:    Overwriting symbol font `operators' in version `bold'
(Font)                  OT1/cmr/bx/n --> OT1/lmr/bx/n on input line 26.
LaTeX Font Info:    Overwriting symbol font `letters' in version `bold'
(Font)                  OML/cmm/b/it --> OML/lmm/b/it on input line 27.
LaTeX Font Info:    Overwriting symbol font `symbols' in version `bold'
(Font)                  OMS/cmsy/b/n --> OMS/lmsy/b/n on input line 28.
LaTeX Font Info:    Overwriting symbol font `largesymbols' in version `bold'
(Font)                  OMX/cmex/m/n --> OMX/lmex/m/n on input line 29.
LaTeX Font Info:    Overwriting math alphabet `\mathbf' in version `normal'
(Font)                  OT1/cmr/bx/n --> OT1/lmr/bx/n on input line 31.
LaTeX Font Info:    Overwriting math alphabet `\mathsf' in version `normal'
(Font)                  OT1/cmss/m/n --> OT1/lmss/m/n on input line 32.
LaTeX Font Info:    Overwriting math alphabet `\mathit' in version `normal'
(Font)                  OT1/cmr/m/it --> OT1/lmr/m/it on input line 33.
LaTeX Font Info:    Overwriting math alphabet `\mathtt' in version `normal'
(Font)                  OT1/cmtt/m/n --> OT1/lmtt/m/n on input line 34.
LaTeX Font Info:    Overwriting math alphabet `\mathbf' in version `bold'
(Font)                  OT1/cmr/bx/n --> OT1/lmr/bx/n on input line 35.
LaTeX Font Info:    Overwriting math alphabet `\mathsf' in version `bold'
(Font)                  OT1/cmss/bx/n --> OT1/lmss/bx/n on input line 36.
LaTeX Font Info:    Overwriting math alphabet `\mathit' in version `bold'
(Font)                  OT1/cmr/bx/it --> OT1/lmr/bx/it on input line 37.
LaTeX Font Info:    Overwriting math alphabet `\mathtt' in version `bold'
(Font)                  OT1/cmtt/m/n --> OT1/lmtt/m/n on input line 38.
) (/Users/wangcc.me/Library/TinyTeX/texmf-dist/tex/generic/ifxetex/ifxetex.sty
Package: ifxetex 2010/09/12 v0.6 Provides ifxetex conditional
) (/Users/wangcc.me/Library/TinyTeX/texmf-dist/tex/generic/oberdiek/ifluatex.st
y
Package: ifluatex 2016/05/16 v1.4 Provides the ifluatex switch (HO)
Package ifluatex Info: LuaTeX not detected.
) (/Users/wangcc.me/Library/TinyTeX/texmf-dist/tex/latex/base/fixltx2e.sty
Package: fixltx2e 2016/12/29 v2.1a fixes to LaTeX (obsolete)
Applying: [2015/01/01] Old fixltx2e package on input line 46.

Package fixltx2e Warning: fixltx2e is not required with releases after 2015
(fixltx2e)                All fixes are now in the LaTeX kernel.
(fixltx2e)                See the latexrelease package for details.

Already applied: [0000/00/00] Old fixltx2e package on input line 53.
) (/Users/wangcc.me/Library/TinyTeX/texmf-dist/tex/xelatex/mathspec/mathspec.st
y
Package: mathspec 2016/12/22 v0.2b LaTeX Package (Mathematics font selection fo
r XeLaTeX)
(/Users/wangcc.me/Library/TinyTeX/texmf-dist/tex/latex/etoolbox/etoolbox.sty
Package: etoolbox 2018/08/19 v2.5f e-TeX tools for LaTeX (JAW)
\etb@tempcnta=\count125
) (/Users/wangcc.me/Library/TinyTeX/texmf-dist/tex/latex/fontspec/fontspec.sty
(/Users/wangcc.me/Library/TinyTeX/texmf-dist/tex/latex/l3packages/xparse/xparse
.sty (/Users/wangcc.me/Library/TinyTeX/texmf-dist/tex/latex/l3kernel/expl3.sty
Package: expl3 2019-05-28 L3 programming layer (loader) 
(/Users/wangcc.me/Library/TinyTeX/texmf-dist/tex/latex/l3kernel/expl3-code.tex
Package: expl3 2019-05-28 L3 programming layer (code)
\c_max_int=\count126
\l_tmpa_int=\count127
\l_tmpb_int=\count128
\g_tmpa_int=\count129
\g_tmpb_int=\count130
\g__kernel_prg_map_int=\count131
\c__ior_term_ior=\count132
\c_log_iow=\count133
\l_iow_line_count_int=\count134
\l__iow_line_target_int=\count135
\l__iow_one_indent_int=\count136
\l__iow_indent_int=\count137
\c_zero_dim=\dimen130
\c_max_dim=\dimen131
\l_tmpa_dim=\dimen132
\l_tmpb_dim=\dimen133
\g_tmpa_dim=\dimen134
\g_tmpb_dim=\dimen135
\c_zero_skip=\skip64
\c_max_skip=\skip65
\l_tmpa_skip=\skip66
\l_tmpb_skip=\skip67
\g_tmpa_skip=\skip68
\g_tmpb_skip=\skip69
\c_zero_muskip=\muskip12
\c_max_muskip=\muskip13
\l_tmpa_muskip=\muskip14
\l_tmpb_muskip=\muskip15
\g_tmpa_muskip=\muskip16
\g_tmpb_muskip=\muskip17
\l_keys_choice_int=\count138
\l__intarray_loop_int=\count139
\c__intarray_sp_dim=\dimen136
\g__intarray_font_int=\count140
\c__fp_leading_shift_int=\count141
\c__fp_middle_shift_int=\count142
\c__fp_trailing_shift_int=\count143
\c__fp_big_leading_shift_int=\count144
\c__fp_big_middle_shift_int=\count145
\c__fp_big_trailing_shift_int=\count146
\c__fp_Bigg_leading_shift_int=\count147
\c__fp_Bigg_middle_shift_int=\count148
\c__fp_Bigg_trailing_shift_int=\count149
\g__fp_array_int=\count150
\l__fp_array_loop_int=\count151
\l__sort_length_int=\count152
\l__sort_min_int=\count153
\l__sort_top_int=\count154
\l__sort_max_int=\count155
\l__sort_true_max_int=\count156
\l__sort_block_int=\count157
\l__sort_begin_int=\count158
\l__sort_end_int=\count159
\l__sort_A_int=\count160
\l__sort_B_int=\count161
\l__sort_C_int=\count162
\l__tl_analysis_normal_int=\count163
\l__tl_analysis_index_int=\count164
\l__tl_analysis_nesting_int=\count165
\l__tl_analysis_type_int=\count166
\l__regex_internal_a_int=\count167
\l__regex_internal_b_int=\count168
\l__regex_internal_c_int=\count169
\l__regex_balance_int=\count170
\l__regex_group_level_int=\count171
\l__regex_mode_int=\count172
\c__regex_cs_in_class_mode_int=\count173
\c__regex_cs_mode_int=\count174
\l__regex_catcodes_int=\count175
\l__regex_default_catcodes_int=\count176
\c__regex_catcode_L_int=\count177
\c__regex_catcode_O_int=\count178
\c__regex_catcode_A_int=\count179
\c__regex_all_catcodes_int=\count180
\l__regex_show_lines_int=\count181
\l__regex_min_state_int=\count182
\l__regex_max_state_int=\count183
\l__regex_left_state_int=\count184
\l__regex_right_state_int=\count185
\l__regex_capturing_group_int=\count186
\l__regex_min_pos_int=\count187
\l__regex_max_pos_int=\count188
\l__regex_curr_pos_int=\count189
\l__regex_start_pos_int=\count190
\l__regex_success_pos_int=\count191
\l__regex_curr_char_int=\count192
\l__regex_curr_catcode_int=\count193
\l__regex_last_char_int=\count194
\l__regex_case_changed_char_int=\count195
\l__regex_curr_state_int=\count196
\l__regex_step_int=\count197
\l__regex_min_active_int=\count198
\l__regex_max_active_int=\count199
\l__regex_replacement_csnames_int=\count266
\l__regex_match_count_int=\count267
\l__regex_min_submatch_int=\count268
\l__regex_submatch_int=\count269
\l__regex_zeroth_submatch_int=\count270
\g__regex_trace_regex_int=\count271
\c_empty_box=\box60
\l_tmpa_box=\box61
\l_tmpb_box=\box62
\g_tmpa_box=\box63
\g_tmpb_box=\box64
\l__box_top_dim=\dimen137
\l__box_bottom_dim=\dimen138
\l__box_left_dim=\dimen139
\l__box_right_dim=\dimen140
\l__box_top_new_dim=\dimen141
\l__box_bottom_new_dim=\dimen142
\l__box_left_new_dim=\dimen143
\l__box_right_new_dim=\dimen144
\l__box_internal_box=\box65
\l__coffin_internal_box=\box66
\l__coffin_internal_dim=\dimen145
\l__coffin_offset_x_dim=\dimen146
\l__coffin_offset_y_dim=\dimen147
\l__coffin_x_dim=\dimen148
\l__coffin_y_dim=\dimen149
\l__coffin_x_prime_dim=\dimen150
\l__coffin_y_prime_dim=\dimen151
\c_empty_coffin=\box67
\l__coffin_aligned_coffin=\box68
\l__coffin_aligned_internal_coffin=\box69
\l_tmpa_coffin=\box70
\l_tmpb_coffin=\box71
\g_tmpa_coffin=\box72
\g_tmpb_coffin=\box73
\l__coffin_bounding_shift_dim=\dimen152
\l__coffin_left_corner_dim=\dimen153
\l__coffin_right_corner_dim=\dimen154
\l__coffin_bottom_corner_dim=\dimen155
\l__coffin_top_corner_dim=\dimen156
\l__coffin_scaled_total_height_dim=\dimen157
\l__coffin_scaled_width_dim=\dimen158
\c__coffin_empty_coffin=\box74
\l__coffin_display_coffin=\box75
\l__coffin_display_coord_coffin=\box76
\l__coffin_display_pole_coffin=\box77
\l__coffin_display_offset_dim=\dimen159
\l__coffin_display_x_dim=\dimen160
\l__coffin_display_y_dim=\dimen161
\g__file_internal_ior=\read2
\l__seq_internal_a_int=\count272
\l__seq_internal_b_int=\count273
\c__deprecation_minus_one=\count274
)
(/Users/wangcc.me/Library/TinyTeX/texmf-dist/tex/latex/l3kernel/l3xdvipdfmx.def
File: l3xdvipdfmx.def 2019-04-06 v L3 Experimental driver: xdvipdfmx
\l__driver_internal_box=\box78
\g__driver_graphics_int=\count275
\g__driver_pdf_object_int=\count276
\g__driver_pdf_annotation_int=\count277
))
Package: xparse 2019-05-28 L3 Experimental document command parser
\l__xparse_current_arg_int=\count278
\g__xparse_grabber_int=\count279
\l__xparse_m_args_int=\count280
\l__xparse_v_nesting_int=\count281
)
Package: fontspec 2019/03/15 v2.7c Font selection for XeLaTeX and LuaLaTeX

(/Users/wangcc.me/Library/TinyTeX/texmf-dist/tex/latex/fontspec/fontspec-xetex.
sty
Package: fontspec-xetex 2019/03/15 v2.7c Font selection for XeLaTeX and LuaLaTe
X
\l__fontspec_script_int=\count282
\l__fontspec_language_int=\count283
\l__fontspec_strnum_int=\count284
\l__fontspec_tmp_int=\count285
\l__fontspec_tmpa_int=\count286
\l__fontspec_tmpb_int=\count287
\l__fontspec_tmpc_int=\count288
\l__fontspec_em_int=\count289
\l__fontspec_emdef_int=\count290
\l__fontspec_strong_int=\count291
\l__fontspec_strongdef_int=\count292
\l__fontspec_tmpa_dim=\dimen162
\l__fontspec_tmpb_dim=\dimen163
\l__fontspec_tmpc_dim=\dimen164
(/Users/wangcc.me/Library/TinyTeX/texmf-dist/tex/latex/base/fontenc.sty
Package: fontenc 2018/08/11 v2.0j Standard LaTeX package
(/Users/wangcc.me/Library/TinyTeX/texmf-dist/tex/latex/base/tuenc.def
File: tuenc.def 2018/08/11 v2.0j Standard LaTeX file
LaTeX Font Info:    Redeclaring font encoding TU on input line 82.
)) (/Users/wangcc.me/Library/TinyTeX/texmf-dist/tex/latex/fontspec/fontspec.cfg
)
LaTeX Info: Redefining \itshape on input line 4051.
LaTeX Info: Redefining \slshape on input line 4056.
LaTeX Info: Redefining \scshape on input line 4061.
LaTeX Info: Redefining \upshape on input line 4066.
LaTeX Info: Redefining \em on input line 4096.
LaTeX Info: Redefining \emph on input line 4121.
)) (/Users/wangcc.me/Library/TinyTeX/texmf-dist/tex/latex/xkeyval/xkeyval.sty
Package: xkeyval 2014/12/03 v2.7a package option processing (HA)
(/Users/wangcc.me/Library/TinyTeX/texmf-dist/tex/generic/xkeyval/xkeyval.tex (/
Users/wangcc.me/Library/TinyTeX/texmf-dist/tex/generic/xkeyval/xkvutils.tex
\XKV@toks=\toks25
\XKV@tempa@toks=\toks26
)
\XKV@depth=\count293
File: xkeyval.tex 2014/12/03 v2.7a key=value parser (HA)
))
\c@eu@=\count294
\c@eu@i=\count295
\c@mkern=\count296
)

Package fontspec Info: IPAexMincho scale = 0.8756820436507937.


Package fontspec Info: Could not resolve font "IPAexMincho/BI" (it probably
(fontspec)             doesn't exist).


Package fontspec Info: Could not resolve font "IPAexMincho/B" (it probably
(fontspec)             doesn't exist).


Package fontspec Info: Could not resolve font "IPAexMincho/I" (it probably
(fontspec)             doesn't exist).


Package fontspec Info: IPAexMincho scale = 0.8756820436507937.


Package fontspec Info: Font family 'IPAexMincho(0)' created for font
(fontspec)             'IPAexMincho' with options
(fontspec)             [Ligatures=TeX,Scale=MatchLowercase,Ligatures=TeX].
(fontspec)              
(fontspec)              This font family consists of the following NFSS
(fontspec)             series/shapes:
(fontspec)              
(fontspec)             - 'normal' (m/n) with NFSS spec.:
(fontspec)             <->s*[0.8756820436507937]"IPAexMincho/OT:script=latn;lan
guage=DFLT;mapping=tex-text;"
(fontspec)             - 'small caps'  (m/sc) with NFSS spec.: 

LaTeX Info: Redefining \rmfamily on input line 17.
LaTeX Font Info:    Font shape `TU/IPAexMincho(0)/m/n' will be
(Font)              scaled to size 10.50824pt on input line 17.

Package fontspec Info: IPAexGothic scale = 0.8487429887820513.


Package fontspec Info: Could not resolve font "IPAexGothic/BI" (it probably
(fontspec)             doesn't exist).


Package fontspec Info: Could not resolve font "IPAexGothic/B" (it probably
(fontspec)             doesn't exist).


Package fontspec Info: Could not resolve font "IPAexGothic/I" (it probably
(fontspec)             doesn't exist).


Package fontspec Info: IPAexGothic scale = 0.8487429887820513.


Package fontspec Info: Font family 'IPAexGothic(0)' created for font
(fontspec)             'IPAexGothic' with options
(fontspec)             [Ligatures=TeX,Scale=MatchLowercase,Ligatures=TeX].
(fontspec)              
(fontspec)              This font family consists of the following NFSS
(fontspec)             series/shapes:
(fontspec)              
(fontspec)             - 'normal' (m/n) with NFSS spec.:
(fontspec)             <->s*[0.8487429887820513]"IPAexGothic/OT:script=latn;lan
guage=DFLT;mapping=tex-text;"
(fontspec)             - 'small caps'  (m/sc) with NFSS spec.: 

LaTeX Info: Redefining \sffamily on input line 18.
(/Users/wangcc.me/Library/TinyTeX/texmf-dist/tex/latex/upquote/upquote.sty
Package: upquote 2012/04/19 v1.3 upright-quote and grave-accent glyphs in verba
tim
(/Users/wangcc.me/Library/TinyTeX/texmf-dist/tex/latex/base/textcomp.sty
Package: textcomp 2018/08/11 v2.0j Standard LaTeX package
Package textcomp Info: Sub-encoding information:
(textcomp)               5 = only ISO-Adobe without \textcurrency
(textcomp)               4 = 5 + \texteuro
(textcomp)               3 = 4 + \textohm
(textcomp)               2 = 3 + \textestimated + \textcurrency
(textcomp)               1 = TS1 - \textcircled - \t
(textcomp)               0 = TS1 (full)
(textcomp)             Font families with sub-encoding setting implement
(textcomp)             only a restricted character set as indicated.
(textcomp)             Family '?' is the default used for unknown fonts.
(textcomp)             See the documentation for details.
Package textcomp Info: Setting ? sub-encoding to TS1/1 on input line 79.
(/Users/wangcc.me/Library/TinyTeX/texmf-dist/tex/latex/base/ts1enc.def
File: ts1enc.def 2001/06/05 v3.0e (jk/car/fm) Standard LaTeX file
)
LaTeX Info: Redefining \oldstylenums on input line 334.
Package textcomp Info: Setting cmr sub-encoding to TS1/0 on input line 349.
Package textcomp Info: Setting cmss sub-encoding to TS1/0 on input line 350.
Package textcomp Info: Setting cmtt sub-encoding to TS1/0 on input line 351.
Package textcomp Info: Setting cmvtt sub-encoding to TS1/0 on input line 352.
Package textcomp Info: Setting cmbr sub-encoding to TS1/0 on input line 353.
Package textcomp Info: Setting cmtl sub-encoding to TS1/0 on input line 354.
Package textcomp Info: Setting ccr sub-encoding to TS1/0 on input line 355.
Package textcomp Info: Setting ptm sub-encoding to TS1/4 on input line 356.
Package textcomp Info: Setting pcr sub-encoding to TS1/4 on input line 357.
Package textcomp Info: Setting phv sub-encoding to TS1/4 on input line 358.
Package textcomp Info: Setting ppl sub-encoding to TS1/3 on input line 359.
Package textcomp Info: Setting pag sub-encoding to TS1/4 on input line 360.
Package textcomp Info: Setting pbk sub-encoding to TS1/4 on input line 361.
Package textcomp Info: Setting pnc sub-encoding to TS1/4 on input line 362.
Package textcomp Info: Setting pzc sub-encoding to TS1/4 on input line 363.
Package textcomp Info: Setting bch sub-encoding to TS1/4 on input line 364.
Package textcomp Info: Setting put sub-encoding to TS1/5 on input line 365.
Package textcomp Info: Setting uag sub-encoding to TS1/5 on input line 366.
Package textcomp Info: Setting ugq sub-encoding to TS1/5 on input line 367.
Package textcomp Info: Setting ul8 sub-encoding to TS1/4 on input line 368.
Package textcomp Info: Setting ul9 sub-encoding to TS1/4 on input line 369.
Package textcomp Info: Setting augie sub-encoding to TS1/5 on input line 370.
Package textcomp Info: Setting dayrom sub-encoding to TS1/3 on input line 371.
Package textcomp Info: Setting dayroms sub-encoding to TS1/3 on input line 372.

Package textcomp Info: Setting pxr sub-encoding to TS1/0 on input line 373.
Package textcomp Info: Setting pxss sub-encoding to TS1/0 on input line 374.
Package textcomp Info: Setting pxtt sub-encoding to TS1/0 on input line 375.
Package textcomp Info: Setting txr sub-encoding to TS1/0 on input line 376.
Package textcomp Info: Setting txss sub-encoding to TS1/0 on input line 377.
Package textcomp Info: Setting txtt sub-encoding to TS1/0 on input line 378.
Package textcomp Info: Setting lmr sub-encoding to TS1/0 on input line 379.
Package textcomp Info: Setting lmdh sub-encoding to TS1/0 on input line 380.
Package textcomp Info: Setting lmss sub-encoding to TS1/0 on input line 381.
Package textcomp Info: Setting lmssq sub-encoding to TS1/0 on input line 382.
Package textcomp Info: Setting lmvtt sub-encoding to TS1/0 on input line 383.
Package textcomp Info: Setting lmtt sub-encoding to TS1/0 on input line 384.
Package textcomp Info: Setting qhv sub-encoding to TS1/0 on input line 385.
Package textcomp Info: Setting qag sub-encoding to TS1/0 on input line 386.
Package textcomp Info: Setting qbk sub-encoding to TS1/0 on input line 387.
Package textcomp Info: Setting qcr sub-encoding to TS1/0 on input line 388.
Package textcomp Info: Setting qcs sub-encoding to TS1/0 on input line 389.
Package textcomp Info: Setting qpl sub-encoding to TS1/0 on input line 390.
Package textcomp Info: Setting qtm sub-encoding to TS1/0 on input line 391.
Package textcomp Info: Setting qzc sub-encoding to TS1/0 on input line 392.
Package textcomp Info: Setting qhvc sub-encoding to TS1/0 on input line 393.
Package textcomp Info: Setting futs sub-encoding to TS1/4 on input line 394.
Package textcomp Info: Setting futx sub-encoding to TS1/4 on input line 395.
Package textcomp Info: Setting futj sub-encoding to TS1/4 on input line 396.
Package textcomp Info: Setting hlh sub-encoding to TS1/3 on input line 397.
Package textcomp Info: Setting hls sub-encoding to TS1/3 on input line 398.
Package textcomp Info: Setting hlst sub-encoding to TS1/3 on input line 399.
Package textcomp Info: Setting hlct sub-encoding to TS1/5 on input line 400.
Package textcomp Info: Setting hlx sub-encoding to TS1/5 on input line 401.
Package textcomp Info: Setting hlce sub-encoding to TS1/5 on input line 402.
Package textcomp Info: Setting hlcn sub-encoding to TS1/5 on input line 403.
Package textcomp Info: Setting hlcw sub-encoding to TS1/5 on input line 404.
Package textcomp Info: Setting hlcf sub-encoding to TS1/5 on input line 405.
Package textcomp Info: Setting pplx sub-encoding to TS1/3 on input line 406.
Package textcomp Info: Setting pplj sub-encoding to TS1/3 on input line 407.
Package textcomp Info: Setting ptmx sub-encoding to TS1/4 on input line 408.
Package textcomp Info: Setting ptmj sub-encoding to TS1/4 on input line 409.
)) (/Users/wangcc.me/Library/TinyTeX/texmf-dist/tex/latex/hyperref/hyperref.sty
Package: hyperref 2018/11/30 v6.88e Hypertext links for LaTeX

(/Users/wangcc.me/Library/TinyTeX/texmf-dist/tex/generic/oberdiek/hobsub-hyperr
ef.sty
Package: hobsub-hyperref 2016/05/16 v1.14 Bundle oberdiek, subset hyperref (HO)


(/Users/wangcc.me/Library/TinyTeX/texmf-dist/tex/generic/oberdiek/hobsub-generi
c.sty
Package: hobsub-generic 2016/05/16 v1.14 Bundle oberdiek, subset generic (HO)
Package: hobsub 2016/05/16 v1.14 Construct package bundles (HO)
Package: infwarerr 2016/05/16 v1.4 Providing info/warning/error messages (HO)
Package: ltxcmds 2016/05/16 v1.23 LaTeX kernel commands for general use (HO)
Package hobsub Info: Skipping package `ifluatex' (already loaded).
Package: ifvtex 2016/05/16 v1.6 Detect VTeX and its facilities (HO)
Package ifvtex Info: VTeX not detected.
Package: intcalc 2016/05/16 v1.2 Expandable calculations with integers (HO)
Package: ifpdf 2018/09/07 v3.3 Provides the ifpdf switch
Package: etexcmds 2016/05/16 v1.6 Avoid name clashes with e-TeX commands (HO)
Package: kvsetkeys 2016/05/16 v1.17 Key value parser (HO)
Package: kvdefinekeys 2016/05/16 v1.4 Define keys (HO)
Package: pdftexcmds 2018/09/10 v0.29 Utility functions of pdfTeX for LuaTeX (HO
)
Package pdftexcmds Info: LuaTeX not detected.
Package pdftexcmds Info: pdfTeX >= 1.30 not detected.
Package pdftexcmds Info: \pdf@primitive is available.
Package pdftexcmds Info: \pdf@ifprimitive is available.
Package pdftexcmds Info: \pdfdraftmode not found.
Package: pdfescape 2016/05/16 v1.14 Implements pdfTeX's escape features (HO)
Package: bigintcalc 2016/05/16 v1.4 Expandable calculations on big integers (HO
)
Package: bitset 2016/05/16 v1.2 Handle bit-vector datatype (HO)
Package: uniquecounter 2016/05/16 v1.3 Provide unlimited unique counter (HO)
)
Package hobsub Info: Skipping package `hobsub' (already loaded).
Package: letltxmacro 2016/05/16 v1.5 Let assignment for LaTeX macros (HO)
Package: hopatch 2016/05/16 v1.3 Wrapper for package hooks (HO)
Package: xcolor-patch 2016/05/16 xcolor patch
Package: atveryend 2016/05/16 v1.9 Hooks at the very end of document (HO)
Package: atbegshi 2016/06/09 v1.18 At begin shipout hook (HO)
Package: refcount 2016/05/16 v3.5 Data extraction from label references (HO)
Package: hycolor 2016/05/16 v1.8 Color options for hyperref/bookmark (HO)
) (/Users/wangcc.me/Library/TinyTeX/texmf-dist/tex/latex/oberdiek/auxhook.sty
Package: auxhook 2016/05/16 v1.4 Hooks for auxiliary files (HO)
) (/Users/wangcc.me/Library/TinyTeX/texmf-dist/tex/latex/oberdiek/kvoptions.sty
Package: kvoptions 2016/05/16 v3.12 Key value format for package options (HO)
)
\@linkdim=\dimen165
\Hy@linkcounter=\count297
\Hy@pagecounter=\count298
(/Users/wangcc.me/Library/TinyTeX/texmf-dist/tex/latex/hyperref/pd1enc.def
File: pd1enc.def 2018/11/30 v6.88e Hyperref: PDFDocEncoding definition (HO)
)
\Hy@SavedSpaceFactor=\count299

(/Users/wangcc.me/Library/TinyTeX/texmf-dist/tex/latex/latexconfig/hyperref.cfg
File: hyperref.cfg 2002/06/06 v1.2 hyperref configuration of TeXLive
)
Package hyperref Info: Hyper figures OFF on input line 4519.
Package hyperref Info: Link nesting OFF on input line 4524.
Package hyperref Info: Hyper index ON on input line 4527.
Package hyperref Info: Plain pages OFF on input line 4534.
Package hyperref Info: Backreferencing OFF on input line 4539.
Package hyperref Info: Implicit mode ON; LaTeX internals redefined.
Package hyperref Info: Bookmarks ON on input line 4772.
\c@Hy@tempcnt=\count300
LaTeX Info: Redefining \url on input line 5125.
\XeTeXLinkMargin=\dimen166
\Fld@menulength=\count301
\Field@Width=\dimen167
\Fld@charsize=\dimen168
Package hyperref Info: Hyper figures OFF on input line 6380.
Package hyperref Info: Link nesting OFF on input line 6385.
Package hyperref Info: Hyper index ON on input line 6388.
Package hyperref Info: backreferencing OFF on input line 6395.
Package hyperref Info: Link coloring OFF on input line 6400.
Package hyperref Info: Link coloring with OCG OFF on input line 6405.
Package hyperref Info: PDF/A mode OFF on input line 6410.
LaTeX Info: Redefining \ref on input line 6450.
LaTeX Info: Redefining \pageref on input line 6454.
\Hy@abspage=\count302
\c@Item=\count303
\c@Hfootnote=\count304
)
Package hyperref Info: Driver (autodetected): hxetex.
(/Users/wangcc.me/Library/TinyTeX/texmf-dist/tex/latex/hyperref/hxetex.def
File: hxetex.def 2018/11/30 v6.88e Hyperref driver for XeTeX
(/Users/wangcc.me/Library/TinyTeX/texmf-dist/tex/latex/hyperref/puenc.def
File: puenc.def 2018/11/30 v6.88e Hyperref: PDF Unicode definition (HO)
)
(/Users/wangcc.me/Library/TinyTeX/texmf-dist/tex/generic/oberdiek/stringenc.sty
Package: stringenc 2016/05/16 v1.11 Convert strings between diff. encodings (HO
)
)
\pdfm@box=\box79
\c@Hy@AnnotLevel=\count305
\HyField@AnnotCount=\count306
\Fld@listcount=\count307
\c@bookmark@seq@number=\count308

(/Users/wangcc.me/Library/TinyTeX/texmf-dist/tex/latex/oberdiek/rerunfilecheck.
sty
Package: rerunfilecheck 2016/05/16 v1.8 Rerun checks for auxiliary files (HO)
Package uniquecounter Info: New unique counter `rerunfilecheck' on input line 2
82.
)
\Hy@SectionHShift=\skip70
)
Package hyperref Info: Option `unicode' set `true' on input line 29.
Package hyperref Info: Option `breaklinks' set `true' on input line 29.
(/Users/wangcc.me/Library/TinyTeX/texmf-dist/tex/latex/fancyvrb/fancyvrb.sty
Package: fancyvrb 2019/01/15
Style option: `fancyvrb' v3.2a <2019/01/15> (tvz)
\FV@CodeLineNo=\count309
\FV@InFile=\read3
\FV@TabBox=\box80
\c@FancyVerbLine=\count310
\FV@StepNumber=\count311
\FV@OutFile=\write3
) (/Users/wangcc.me/Library/TinyTeX/texmf-dist/tex/latex/framed/framed.sty
Package: framed 2011/10/22 v 0.96: framed or shaded text with page breaks
\OuterFrameSep=\skip71
\fb@frw=\dimen169
\fb@frh=\dimen170
\FrameRule=\dimen171
\FrameSep=\dimen172
) (/Users/wangcc.me/Library/TinyTeX/texmf-dist/tex/latex/oberdiek/grffile.sty
Package: grffile 2017/06/30 v1.18 Extended file name support for graphics (HO)
Package grffile Info: Option `multidot' is set to `true'.
Package grffile Info: Option `extendedchars' is set to `false'.
Package grffile Info: Option `space' is set to `true'.
Package grffile Info: \Gin@ii of package `graphicx' fixed on input line 494.
) (/Users/wangcc.me/Library/TinyTeX/texmf-dist/tex/latex/titling/titling.sty
Package: titling 2009/09/04 v2.1d maketitle typesetting
\thanksmarkwidth=\skip72
\thanksmargin=\skip73
\droptitle=\skip74
) (/Users/wangcc.me/Library/TinyTeX/texmf-dist/tex/latex/zxjafont/zxjafont.sty
Package: zxjafont 2018/05/03 v0.4-pre

Package fontspec Info: IPAexMincho scale = 0.8756872106481481.


Package fontspec Info: Could not resolve font "IPAexGothic/I" (it probably
(fontspec)             doesn't exist).


Package fontspec Info: Could not resolve font "IPAexMincho/BI" (it probably
(fontspec)             doesn't exist).


Package fontspec Info: Could not resolve font "IPAexMincho/I" (it probably
(fontspec)             doesn't exist).


Package fontspec Info: IPAexMincho scale = 0.8756872106481481.


Package fontspec Info: IPAexGothic scale = 0.8487429887820513.


Package fontspec Info: Font family 'IPAexMincho(1)' created for font
(fontspec)             'IPAexMincho' with options
(fontspec)             [Ligatures=TeX,Scale=MatchLowercase,Ligatures=TeX,Scale=
1,BoldFont=IPAexGothic].
(fontspec)              
(fontspec)              This font family consists of the following NFSS
(fontspec)             series/shapes:
(fontspec)              
(fontspec)             - 'normal' (m/n) with NFSS spec.:
(fontspec)             <->s*[1]"IPAexMincho/OT:script=latn;language=DFLT;mappin
g=tex-text;"
(fontspec)             - 'small caps'  (m/sc) with NFSS spec.: 
(fontspec)             - 'bold' (bx/n) with NFSS spec.:
(fontspec)             <->s*[1]"IPAexGothic/OT:script=latn;language=DFLT;mappin
g=tex-text;"
(fontspec)             - 'bold small caps'  (bx/sc) with NFSS spec.: 

LaTeX Info: Redefining \rmfamily on input line 439.
LaTeX Font Info:    Font shape `TU/IPAexMincho(1)/m/n' will be
(Font)              scaled to size 12.0pt on input line 439.

Package fontspec Info: IPAexGothic scale = 0.9692307692307692.


Package fontspec Info: Could not resolve font "IPAexGothic/BI" (it probably
(fontspec)             doesn't exist).


Package fontspec Info: Could not resolve font "IPAexGothic/B" (it probably
(fontspec)             doesn't exist).


Package fontspec Info: Could not resolve font "IPAexGothic/I" (it probably
(fontspec)             doesn't exist).


Package fontspec Info: IPAexGothic scale = 0.9692307692307692.


Package fontspec Info: Font family 'IPAexGothic(1)' created for font
(fontspec)             'IPAexGothic' with options
(fontspec)             [Ligatures=TeX,Scale=MatchLowercase,Ligatures=TeX,Scale=
1].
(fontspec)              
(fontspec)              This font family consists of the following NFSS
(fontspec)             series/shapes:
(fontspec)              
(fontspec)             - 'normal' (m/n) with NFSS spec.:
(fontspec)             <->s*[1]"IPAexGothic/OT:script=latn;language=DFLT;mappin
g=tex-text;"
(fontspec)             - 'small caps'  (m/sc) with NFSS spec.: 

LaTeX Info: Redefining \sffamily on input line 439.

Package fontspec Info: IPAexGothic scale = 0.9692307692307692.


Package fontspec Info: Could not resolve font "IPAexGothic/BI" (it probably
(fontspec)             doesn't exist).


Package fontspec Info: Could not resolve font "IPAexGothic/B" (it probably
(fontspec)             doesn't exist).


Package fontspec Info: Could not resolve font "IPAexGothic/I" (it probably
(fontspec)             doesn't exist).


Package fontspec Info: IPAexGothic scale = 0.9692307692307692.


Package fontspec Info: Font family 'IPAexGothic(2)' created for font
(fontspec)             'IPAexGothic' with options
(fontspec)             [Ligatures=TeX,Scale=MatchLowercase,WordSpace={1,0,0},Hy
phenChar=None,PunctuationSpace=WordSpace,Scale=1].
(fontspec)              
(fontspec)              This font family consists of the following NFSS
(fontspec)             series/shapes:
(fontspec)              
(fontspec)             - 'normal' (m/n) with NFSS spec.:
(fontspec)             <->s*[1]"IPAexGothic/OT:script=latn;language=DFLT;mappin
g=tex-text;"
(fontspec)             - 'small caps'  (m/sc) with NFSS spec.: 
(fontspec)             and font adjustment code:
(fontspec)             \fontdimen 2\font =1\fontdimen 2\font \fontdimen 3\font
(fontspec)             =0\fontdimen 3\font \fontdimen 4\font =0\fontdimen
(fontspec)             4\font \fontdimen 7\font =0\fontdimen 2\font
(fontspec)             \tex_hyphenchar:D \font =-1\scan_stop: 

LaTeX Info: Redefining \ttfamily on input line 440.
) (/Users/wangcc.me/Library/TinyTeX/texmf-dist/tex/latex/sectsty/sectsty.sty
Package: sectsty 2002/02/25 v2.0.2 Commands to change all sectional heading sty
les
)
(/Users/wangcc.me/Library/TinyTeX/texmf-dist/tex/latex/pgf/frontendlayer/tikz.s
ty (/Users/wangcc.me/Library/TinyTeX/texmf-dist/tex/latex/pgf/basiclayer/pgf.st
y
(/Users/wangcc.me/Library/TinyTeX/texmf-dist/tex/latex/pgf/utilities/pgfrcs.sty

(/Users/wangcc.me/Library/TinyTeX/texmf-dist/tex/generic/pgf/utilities/pgfutil-
common.tex
\pgfutil@everybye=\toks27
\pgfutil@tempdima=\dimen173
\pgfutil@tempdimb=\dimen174

(/Users/wangcc.me/Library/TinyTeX/texmf-dist/tex/generic/pgf/utilities/pgfutil-
common-lists.tex))
(/Users/wangcc.me/Library/TinyTeX/texmf-dist/tex/generic/pgf/utilities/pgfutil-
latex.def
\pgfutil@abb=\box81
(/Users/wangcc.me/Library/TinyTeX/texmf-dist/tex/latex/ms/everyshi.sty
Package: everyshi 2001/05/15 v3.00 EveryShipout Package (MS)
))
(/Users/wangcc.me/Library/TinyTeX/texmf-dist/tex/generic/pgf/utilities/pgfrcs.c
ode.tex (/Users/wangcc.me/Library/TinyTeX/texmf-dist/tex/generic/pgf/pgf.revisi
on.tex)
Package: pgfrcs 2019/05/09 v3.1.3 (3.1.3)
))
Package: pgf 2019/05/09 v3.1.3 (3.1.3)

(/Users/wangcc.me/Library/TinyTeX/texmf-dist/tex/latex/pgf/basiclayer/pgfcore.s
ty
(/Users/wangcc.me/Library/TinyTeX/texmf-dist/tex/latex/pgf/systemlayer/pgfsys.s
ty
(/Users/wangcc.me/Library/TinyTeX/texmf-dist/tex/generic/pgf/systemlayer/pgfsys
.code.tex
Package: pgfsys 2019/05/09 v3.1.3 (3.1.3)

(/Users/wangcc.me/Library/TinyTeX/texmf-dist/tex/generic/pgf/utilities/pgfkeys.
code.tex
\pgfkeys@pathtoks=\toks28
\pgfkeys@temptoks=\toks29

(/Users/wangcc.me/Library/TinyTeX/texmf-dist/tex/generic/pgf/utilities/pgfkeysf
iltered.code.tex
\pgfkeys@tmptoks=\toks30
))
\pgf@x=\dimen175
\pgf@y=\dimen176
\pgf@xa=\dimen177
\pgf@ya=\dimen178
\pgf@xb=\dimen179
\pgf@yb=\dimen180
\pgf@xc=\dimen181
\pgf@yc=\dimen182
\pgf@xd=\dimen183
\pgf@yd=\dimen184
\w@pgf@writea=\write4
\r@pgf@reada=\read4
\c@pgf@counta=\count312
\c@pgf@countb=\count313
\c@pgf@countc=\count314
\c@pgf@countd=\count315
\t@pgf@toka=\toks31
\t@pgf@tokb=\toks32
\t@pgf@tokc=\toks33
\pgf@sys@id@count=\count316

(/Users/wangcc.me/Library/TinyTeX/texmf-dist/tex/generic/pgf/systemlayer/pgf.cf
g
File: pgf.cfg 2019/05/09 v3.1.3 (3.1.3)
)
Driver file for pgf: pgfsys-xetex.def

(/Users/wangcc.me/Library/TinyTeX/texmf-dist/tex/generic/pgf/systemlayer/pgfsys
-xetex.def
File: pgfsys-xetex.def 2019/05/09 v3.1.3 (3.1.3)

(/Users/wangcc.me/Library/TinyTeX/texmf-dist/tex/generic/pgf/systemlayer/pgfsys
-dvipdfmx.def
File: pgfsys-dvipdfmx.def 2019/05/09 v3.1.3 (3.1.3)

(/Users/wangcc.me/Library/TinyTeX/texmf-dist/tex/generic/pgf/systemlayer/pgfsys
-common-pdf.def
File: pgfsys-common-pdf.def 2019/05/09 v3.1.3 (3.1.3)
)
\pgfsys@objnum=\count317
)))
(/Users/wangcc.me/Library/TinyTeX/texmf-dist/tex/generic/pgf/systemlayer/pgfsys
softpath.code.tex
File: pgfsyssoftpath.code.tex 2019/05/09 v3.1.3 (3.1.3)
\pgfsyssoftpath@smallbuffer@items=\count318
\pgfsyssoftpath@bigbuffer@items=\count319
)
(/Users/wangcc.me/Library/TinyTeX/texmf-dist/tex/generic/pgf/systemlayer/pgfsys
protocol.code.tex
File: pgfsysprotocol.code.tex 2019/05/09 v3.1.3 (3.1.3)
)) (/Users/wangcc.me/Library/TinyTeX/texmf-dist/tex/latex/xcolor/xcolor.sty
Package: xcolor 2016/05/11 v2.12 LaTeX color extensions (UK)
(/Users/wangcc.me/Library/TinyTeX/texmf-dist/tex/latex/graphics-cfg/color.cfg
File: color.cfg 2016/01/02 v1.6 sample color configuration
)
Package xcolor Info: Driver file: xetex.def on input line 225.
LaTeX Info: Redefining \color on input line 709.
Package xcolor Info: Model `cmy' substituted by `cmy0' on input line 1348.
Package xcolor Info: Model `RGB' extended on input line 1364.
Package xcolor Info: Model `HTML' substituted by `rgb' on input line 1366.
Package xcolor Info: Model `Hsb' substituted by `hsb' on input line 1367.
Package xcolor Info: Model `tHsb' substituted by `hsb' on input line 1368.
Package xcolor Info: Model `HSB' substituted by `hsb' on input line 1369.
Package xcolor Info: Model `Gray' substituted by `gray' on input line 1370.
Package xcolor Info: Model `wave' substituted by `hsb' on input line 1371.
)
(/Users/wangcc.me/Library/TinyTeX/texmf-dist/tex/generic/pgf/basiclayer/pgfcore
.code.tex
Package: pgfcore 2019/05/09 v3.1.3 (3.1.3)

(/Users/wangcc.me/Library/TinyTeX/texmf-dist/tex/generic/pgf/math/pgfmath.code.
tex
(/Users/wangcc.me/Library/TinyTeX/texmf-dist/tex/generic/pgf/math/pgfmathcalc.c
ode.tex
(/Users/wangcc.me/Library/TinyTeX/texmf-dist/tex/generic/pgf/math/pgfmathutil.c
ode.tex)
(/Users/wangcc.me/Library/TinyTeX/texmf-dist/tex/generic/pgf/math/pgfmathparser
.code.tex
\pgfmath@dimen=\dimen185
\pgfmath@count=\count320
\pgfmath@box=\box82
\pgfmath@toks=\toks34
\pgfmath@stack@operand=\toks35
\pgfmath@stack@operation=\toks36
)
(/Users/wangcc.me/Library/TinyTeX/texmf-dist/tex/generic/pgf/math/pgfmathfuncti
ons.code.tex
(/Users/wangcc.me/Library/TinyTeX/texmf-dist/tex/generic/pgf/math/pgfmathfuncti
ons.basic.code.tex)
(/Users/wangcc.me/Library/TinyTeX/texmf-dist/tex/generic/pgf/math/pgfmathfuncti
ons.trigonometric.code.tex)
(/Users/wangcc.me/Library/TinyTeX/texmf-dist/tex/generic/pgf/math/pgfmathfuncti
ons.random.code.tex)
(/Users/wangcc.me/Library/TinyTeX/texmf-dist/tex/generic/pgf/math/pgfmathfuncti
ons.comparison.code.tex)
(/Users/wangcc.me/Library/TinyTeX/texmf-dist/tex/generic/pgf/math/pgfmathfuncti
ons.base.code.tex)
(/Users/wangcc.me/Library/TinyTeX/texmf-dist/tex/generic/pgf/math/pgfmathfuncti
ons.round.code.tex)
(/Users/wangcc.me/Library/TinyTeX/texmf-dist/tex/generic/pgf/math/pgfmathfuncti
ons.misc.code.tex)
(/Users/wangcc.me/Library/TinyTeX/texmf-dist/tex/generic/pgf/math/pgfmathfuncti
ons.integerarithmetics.code.tex)))
(/Users/wangcc.me/Library/TinyTeX/texmf-dist/tex/generic/pgf/math/pgfmathfloat.
code.tex
\c@pgfmathroundto@lastzeros=\count321
))
(/Users/wangcc.me/Library/TinyTeX/texmf-dist/tex/generic/pgf/math/pgfint.code.t
ex)
(/Users/wangcc.me/Library/TinyTeX/texmf-dist/tex/generic/pgf/basiclayer/pgfcore
points.code.tex
File: pgfcorepoints.code.tex 2019/05/09 v3.1.3 (3.1.3)
\pgf@picminx=\dimen186
\pgf@picmaxx=\dimen187
\pgf@picminy=\dimen188
\pgf@picmaxy=\dimen189
\pgf@pathminx=\dimen190
\pgf@pathmaxx=\dimen191
\pgf@pathminy=\dimen192
\pgf@pathmaxy=\dimen193
\pgf@xx=\dimen194
\pgf@xy=\dimen195
\pgf@yx=\dimen196
\pgf@yy=\dimen197
\pgf@zx=\dimen198
\pgf@zy=\dimen199
)
(/Users/wangcc.me/Library/TinyTeX/texmf-dist/tex/generic/pgf/basiclayer/pgfcore
pathconstruct.code.tex
File: pgfcorepathconstruct.code.tex 2019/05/09 v3.1.3 (3.1.3)
\pgf@path@lastx=\dimen256
\pgf@path@lasty=\dimen257
)
(/Users/wangcc.me/Library/TinyTeX/texmf-dist/tex/generic/pgf/basiclayer/pgfcore
pathusage.code.tex
File: pgfcorepathusage.code.tex 2019/05/09 v3.1.3 (3.1.3)
\pgf@shorten@end@additional=\dimen258
\pgf@shorten@start@additional=\dimen259
)
(/Users/wangcc.me/Library/TinyTeX/texmf-dist/tex/generic/pgf/basiclayer/pgfcore
scopes.code.tex
File: pgfcorescopes.code.tex 2019/05/09 v3.1.3 (3.1.3)
\pgfpic=\box83
\pgf@hbox=\box84
\pgf@layerbox@main=\box85
\pgf@picture@serial@count=\count322
)
(/Users/wangcc.me/Library/TinyTeX/texmf-dist/tex/generic/pgf/basiclayer/pgfcore
graphicstate.code.tex
File: pgfcoregraphicstate.code.tex 2019/05/09 v3.1.3 (3.1.3)
\pgflinewidth=\dimen260
)
(/Users/wangcc.me/Library/TinyTeX/texmf-dist/tex/generic/pgf/basiclayer/pgfcore
transformations.code.tex
File: pgfcoretransformations.code.tex 2019/05/09 v3.1.3 (3.1.3)
\pgf@pt@x=\dimen261
\pgf@pt@y=\dimen262
\pgf@pt@temp=\dimen263
)
(/Users/wangcc.me/Library/TinyTeX/texmf-dist/tex/generic/pgf/basiclayer/pgfcore
quick.code.tex
File: pgfcorequick.code.tex 2019/05/09 v3.1.3 (3.1.3)
)
(/Users/wangcc.me/Library/TinyTeX/texmf-dist/tex/generic/pgf/basiclayer/pgfcore
objects.code.tex
File: pgfcoreobjects.code.tex 2019/05/09 v3.1.3 (3.1.3)
)
(/Users/wangcc.me/Library/TinyTeX/texmf-dist/tex/generic/pgf/basiclayer/pgfcore
pathprocessing.code.tex
File: pgfcorepathprocessing.code.tex 2019/05/09 v3.1.3 (3.1.3)
)
(/Users/wangcc.me/Library/TinyTeX/texmf-dist/tex/generic/pgf/basiclayer/pgfcore
arrows.code.tex
File: pgfcorearrows.code.tex 2019/05/09 v3.1.3 (3.1.3)
\pgfarrowsep=\dimen264
)
(/Users/wangcc.me/Library/TinyTeX/texmf-dist/tex/generic/pgf/basiclayer/pgfcore
shade.code.tex
File: pgfcoreshade.code.tex 2019/05/09 v3.1.3 (3.1.3)
\pgf@max=\dimen265
\pgf@sys@shading@range@num=\count323
\pgf@shadingcount=\count324
)
(/Users/wangcc.me/Library/TinyTeX/texmf-dist/tex/generic/pgf/basiclayer/pgfcore
image.code.tex
File: pgfcoreimage.code.tex 2019/05/09 v3.1.3 (3.1.3)

(/Users/wangcc.me/Library/TinyTeX/texmf-dist/tex/generic/pgf/basiclayer/pgfcore
external.code.tex
File: pgfcoreexternal.code.tex 2019/05/09 v3.1.3 (3.1.3)
\pgfexternal@startupbox=\box86
))
(/Users/wangcc.me/Library/TinyTeX/texmf-dist/tex/generic/pgf/basiclayer/pgfcore
layers.code.tex
File: pgfcorelayers.code.tex 2019/05/09 v3.1.3 (3.1.3)
)
(/Users/wangcc.me/Library/TinyTeX/texmf-dist/tex/generic/pgf/basiclayer/pgfcore
transparency.code.tex
File: pgfcoretransparency.code.tex 2019/05/09 v3.1.3 (3.1.3)
)
(/Users/wangcc.me/Library/TinyTeX/texmf-dist/tex/generic/pgf/basiclayer/pgfcore
patterns.code.tex
File: pgfcorepatterns.code.tex 2019/05/09 v3.1.3 (3.1.3)
)
(/Users/wangcc.me/Library/TinyTeX/texmf-dist/tex/generic/pgf/basiclayer/pgfcore
rdf.code.tex
File: pgfcorerdf.code.tex 2019/05/09 v3.1.3 (3.1.3)
)))
(/Users/wangcc.me/Library/TinyTeX/texmf-dist/tex/generic/pgf/modules/pgfmodules
hapes.code.tex
File: pgfmoduleshapes.code.tex 2019/05/09 v3.1.3 (3.1.3)
\pgfnodeparttextbox=\box87
)
(/Users/wangcc.me/Library/TinyTeX/texmf-dist/tex/generic/pgf/modules/pgfmodulep
lot.code.tex
File: pgfmoduleplot.code.tex 2019/05/09 v3.1.3 (3.1.3)
)
(/Users/wangcc.me/Library/TinyTeX/texmf-dist/tex/latex/pgf/compatibility/pgfcom
p-version-0-65.sty
Package: pgfcomp-version-0-65 2019/05/09 v3.1.3 (3.1.3)
\pgf@nodesepstart=\dimen266
\pgf@nodesepend=\dimen267
)
(/Users/wangcc.me/Library/TinyTeX/texmf-dist/tex/latex/pgf/compatibility/pgfcom
p-version-1-18.sty
Package: pgfcomp-version-1-18 2019/05/09 v3.1.3 (3.1.3)
))
(/Users/wangcc.me/Library/TinyTeX/texmf-dist/tex/latex/pgf/utilities/pgffor.sty

(/Users/wangcc.me/Library/TinyTeX/texmf-dist/tex/latex/pgf/utilities/pgfkeys.st
y
(/Users/wangcc.me/Library/TinyTeX/texmf-dist/tex/generic/pgf/utilities/pgfkeys.
code.tex)) (/Users/wangcc.me/Library/TinyTeX/texmf-dist/tex/latex/pgf/math/pgfm
ath.sty
(/Users/wangcc.me/Library/TinyTeX/texmf-dist/tex/generic/pgf/math/pgfmath.code.
tex))
(/Users/wangcc.me/Library/TinyTeX/texmf-dist/tex/generic/pgf/utilities/pgffor.c
ode.tex
Package: pgffor 2019/05/09 v3.1.3 (3.1.3)

(/Users/wangcc.me/Library/TinyTeX/texmf-dist/tex/generic/pgf/math/pgfmath.code.
tex)
\pgffor@iter=\dimen268
\pgffor@skip=\dimen269
\pgffor@stack=\toks37
\pgffor@toks=\toks38
))
(/Users/wangcc.me/Library/TinyTeX/texmf-dist/tex/generic/pgf/frontendlayer/tikz
/tikz.code.tex
Package: tikz 2019/05/09 v3.1.3 (3.1.3)

(/Users/wangcc.me/Library/TinyTeX/texmf-dist/tex/generic/pgf/libraries/pgflibra
ryplothandlers.code.tex
File: pgflibraryplothandlers.code.tex 2019/05/09 v3.1.3 (3.1.3)
\pgf@plot@mark@count=\count325
\pgfplotmarksize=\dimen270
)
\tikz@lastx=\dimen271
\tikz@lasty=\dimen272
\tikz@lastxsaved=\dimen273
\tikz@lastysaved=\dimen274
\tikzleveldistance=\dimen275
\tikzsiblingdistance=\dimen276
\tikz@figbox=\box88
\tikz@figbox@bg=\box89
\tikz@tempbox=\box90
\tikz@tempbox@bg=\box91
\tikztreelevel=\count326
\tikznumberofchildren=\count327
\tikznumberofcurrentchild=\count328
\tikz@fig@count=\count329

(/Users/wangcc.me/Library/TinyTeX/texmf-dist/tex/generic/pgf/modules/pgfmodulem
atrix.code.tex
File: pgfmodulematrix.code.tex 2019/05/09 v3.1.3 (3.1.3)
\pgfmatrixcurrentrow=\count330
\pgfmatrixcurrentcolumn=\count331
\pgf@matrix@numberofcolumns=\count332
)
\tikz@expandcount=\count333

(/Users/wangcc.me/Library/TinyTeX/texmf-dist/tex/generic/pgf/frontendlayer/tikz
/libraries/tikzlibrarytopaths.code.tex
File: tikzlibrarytopaths.code.tex 2019/05/09 v3.1.3 (3.1.3)
)))
(/Users/wangcc.me/Library/TinyTeX/texmf-dist/tex/generic/pgf/frontendlayer/tikz
/libraries/tikzlibrarytrees.code.tex
File: tikzlibrarytrees.code.tex 2019/05/09 v3.1.3 (3.1.3)
) (/Users/wangcc.me/Library/TinyTeX/texmf-dist/tex/latex/amscls/amsthm.sty
Package: amsthm 2017/10/31 v2.20.4
\thm@style=\toks39
\thm@bodyfont=\toks40
\thm@headfont=\toks41
\thm@notefont=\toks42
\thm@headpunct=\toks43
\thm@preskip=\skip75
\thm@postskip=\skip76
\thm@headsep=\skip77
\dth@everypar=\toks44
LaTeX Info: Redefining \qed on input line 274.
) (/Users/wangcc.me/Library/TinyTeX/texmf-dist/tex/generic/xypic/xy.sty (/Users
/wangcc.me/Library/TinyTeX/texmf-dist/tex/generic/xypic/xy.tex Bootstrap'ing: c
atcodes, docmode, (/Users/wangcc.me/Library/TinyTeX/texmf-dist/tex/generic/xypi
c/xyrecat.tex) (/Users/wangcc.me/Library/TinyTeX/texmf-dist/tex/generic/xypic/x
yidioms.tex)

 Xy-pic version 3.8.9 <2013/10/06>
 Copyright (c) 1991-2013 by Kristoffer H. Rose <krisrose@tug.org> and others
 Xy-pic is free software: see the User's Guide for details.

Loading kernel: messages; fonts; allocations: state,
\X@c=\dimen277
\Y@c=\dimen278
\U@c=\dimen279
\D@c=\dimen280
\L@c=\dimen281
\R@c=\dimen282
\Edge@c=\toks45
\X@p=\dimen283
\Y@p=\dimen284
\U@p=\dimen285
\D@p=\dimen286
\L@p=\dimen287
\R@p=\dimen288
\Edge@p=\toks46
\X@origin=\dimen289
\Y@origin=\dimen290
\X@xbase=\dimen291
\Y@xbase=\dimen292
\X@ybase=\dimen293
\Y@ybase=\dimen294
\X@min=\dimen295
\Y@min=\dimen296
\X@max=\dimen297
\Y@max=\dimen298
\lastobjectbox@=\box92
\zerodotbox@=\box93
\almostz@=\dimen299
direction,
\d@X=\dimen300
\d@Y=\dimen301
\K@=\count334
\KK@=\count335
\Direction=\count336
\K@dXdY=\dimen302
\K@dYdX=\dimen303
\xyread@=\read5
\xywrite@=\write5
\csp@=\count337
\quotPTK@=\dimen304
utility macros; pictures: \xy, positions,
\swaptoks@@=\toks47
\connectobjectbox@@=\box94
objects,
\styletoks@=\toks48
decorations; kernel objects: directionals, circles, text; options; algorithms: 
directions, edges, connections;  Xy-pic loaded)
Package: xy 2013/10/06 Xy-pic version 3.8.9
(/Users/wangcc.me/Library/TinyTeX/texmf-dist/tex/generic/xypic/xyall.tex  Xy-pi
c option: All features v.3.8 (/Users/wangcc.me/Library/TinyTeX/texmf-dist/tex/g
eneric/xypic/xycurve.tex  Xy-pic option: Curve and Spline extension v.3.12 curv
e,
\crv@cnt@=\count338
\crvpts@=\toks49
\splinebox@=\box95
\splineval@=\dimen305
\splinedepth@=\dimen306
\splinetol@=\dimen307
\splinelength@=\dimen308
circles,
\L@=\dimen309
loaded) (/Users/wangcc.me/Library/TinyTeX/texmf-dist/tex/generic/xypic/xyframe.
tex  Xy-pic option: Frame and Bracket extension v.3.14 loaded) (/Users/wangcc.m
e/Library/TinyTeX/texmf-dist/tex/generic/xypic/xycmtip.tex  Xy-pic option: Comp
uter Modern tip extension v.3.7 (/Users/wangcc.me/Library/TinyTeX/texmf-dist/te
x/generic/xypic/xytips.tex  Xy-pic option: More Tips extension v.3.11 loaded) l
oaded) (/Users/wangcc.me/Library/TinyTeX/texmf-dist/tex/generic/xypic/xyline.te
x  Xy-pic option: Line styles extension v.3.10
\xylinethick@=\dimen310
loaded) (/Users/wangcc.me/Library/TinyTeX/texmf-dist/tex/generic/xypic/xyrotate
.tex  Xy-pic option: Rotate and Scale extension v.3.8 loaded) (/Users/wangcc.me
/Library/TinyTeX/texmf-dist/tex/generic/xypic/xycolor.tex  Xy-pic option: Colou
r extension v.3.11 loaded) (/Users/wangcc.me/Library/TinyTeX/texmf-dist/tex/gen
eric/xypic/xymatrix.tex  Xy-pic option: Matrix feature v.3.14
\Row=\count339
\Col=\count340
\queue@=\toks50
\queue@@=\toks51
\qcount@=\count341
\qcount@@=\count342
\matrixsize@=\count343
loaded) (/Users/wangcc.me/Library/TinyTeX/texmf-dist/tex/generic/xypic/xyarrow.
tex  Xy-pic option: Arrow and Path feature v.3.9 path, \ar, loaded) (/Users/wan
gcc.me/Library/TinyTeX/texmf-dist/tex/generic/xypic/xygraph.tex  Xy-pic option:
 Graph feature v.3.11 loaded) loaded) (/Users/wangcc.me/Library/TinyTeX/texmf-d
ist/tex/generic/xypic/xyarc.tex  Xy-pic option: Circle, Ellipse, Arc feature v.
3.8 circles, ellipses, elliptical arcs, loaded)) (/Users/wangcc.me/Library/Tiny
TeX/texmf-dist/tex/latex/tools/enumerate.sty
Package: enumerate 2015/07/23 v3.00 enumerate extensions (DPC)
\@enLab=\toks52
) (/Users/wangcc.me/Library/TinyTeX/texmf-dist/tex/latex/jknapltx/mathrsfs.sty
Package: mathrsfs 1996/01/01 Math RSFS package v1.0 (jk)
\symrsfs=\mathgroup7
) (/Users/wangcc.me/Library/TinyTeX/texmf-dist/tex/latex/geometry/geometry.sty
Package: geometry 2018/04/16 v5.8 Page Geometry
\Gm@cnth=\count344
\Gm@cntv=\count345
\c@Gm@tempcnt=\count346
\Gm@bindingoffset=\dimen311
\Gm@wd@mp=\dimen312
\Gm@odd@mp=\dimen313
\Gm@even@mp=\dimen314
\Gm@layoutwidth=\dimen315
\Gm@layoutheight=\dimen316
\Gm@layouthoffset=\dimen317
\Gm@layoutvoffset=\dimen318
\Gm@dimlist=\toks53
) (/Users/wangcc.me/Library/TinyTeX/texmf-dist/tex/latex/thmtools/thmtools.sty
Package: thmtools 2014/04/21 v66
\thmt@toks=\toks54
\c@thmt@dummyctr=\count347
(/Users/wangcc.me/Library/TinyTeX/texmf-dist/tex/latex/thmtools/thm-patch.sty
Package: thm-patch 2014/04/21 v66
(/Users/wangcc.me/Library/TinyTeX/texmf-dist/tex/latex/thmtools/parseargs.sty
Package: parseargs 2014/04/21 v66
\@parsespec=\toks55
)) (/Users/wangcc.me/Library/TinyTeX/texmf-dist/tex/latex/thmtools/thm-kv.sty
Package: thm-kv 2014/04/21 v66
Package thm-kv Info: Theorem names will be uppercased on input line 40.
Package thm-kv Info: kvsetkeys patch (v1.16 or later) on input line 156.
)
(/Users/wangcc.me/Library/TinyTeX/texmf-dist/tex/latex/thmtools/thm-autoref.sty
Package: thm-autoref 2014/04/21 v66
(/Users/wangcc.me/Library/TinyTeX/texmf-dist/tex/latex/thmtools/aliasctr.sty
Package: aliasctr 2014/04/21 v66
(/Users/wangcc.me/Library/TinyTeX/texmf-dist/tex/latex/carlisle/remreset.sty

Package remreset Warning: The remreset package is obsolete:
(remreset)                \@removefomresset is defined.

))) (/Users/wangcc.me/Library/TinyTeX/texmf-dist/tex/latex/thmtools/thm-listof.
sty
Package: thm-listof 2014/04/21 v66
)
(/Users/wangcc.me/Library/TinyTeX/texmf-dist/tex/latex/thmtools/thm-restate.sty
Package: thm-restate 2014/04/21 v66
) (/Users/wangcc.me/Library/TinyTeX/texmf-dist/tex/latex/thmtools/thm-amsthm.st
y
Package: thm-amsthm 2014/04/21 v66
\thmt@style@headstyle=\toks56
)) (/Users/wangcc.me/Library/TinyTeX/texmf-dist/tex/xelatex/xltxtra/xltxtra.sty
Package: xltxtra 2018/12/31 v0.7 Improvements for the "XeLaTeX" format

(/Users/wangcc.me/Library/TinyTeX/texmf-dist/tex/latex/realscripts/realscripts.
sty
Package: realscripts 2016/02/13 v0.3d Access OpenType subscripts and superscrip
ts
\subsupersep=\dimen319
) (/Users/wangcc.me/Library/TinyTeX/texmf-dist/tex/latex/metalogo/metalogo.sty
Package: metalogo 2010/05/29 v0.12 Extended TeX logo macros
\xl@everylogo=\toks57
\xl@@everylogo=\toks58
LaTeX Info: Redefining \TeX on input line 193.
LaTeX Info: Redefining \LaTeX on input line 202.
LaTeX Info: Redefining \LaTeXe on input line 219.
)
\l__xetex_show_hyphens_wrapping_box=\box96
\l__xetex_show_hyphens_temp_box=\box97
\l__xetex_show_hyphens_final_box=\box98
\g__xetex_show_hyphens_word_box=\box99
) (/Users/wangcc.me/Library/TinyTeX/texmf-dist/tex/latex/tools/afterpage.sty
Package: afterpage 2014/10/28 v1.08 After-Page Package (DPC)
\AP@output=\toks59
\AP@partial=\box100
\AP@footins=\box101
) (./practice_contents_with_answers.aux

LaTeX Warning: Label `-1' multiply defined.


LaTeX Warning: Label `-2' multiply defined.


LaTeX Warning: Label `-3' multiply defined.


LaTeX Warning: Label `-4' multiply defined.


LaTeX Warning: Label `-5' multiply defined.


LaTeX Warning: Label `-6' multiply defined.


LaTeX Warning: Label `ezr' multiply defined.


LaTeX Warning: Label `-' multiply defined.


LaTeX Warning: Label `ezr' multiply defined.


LaTeX Warning: Label `-7' multiply defined.


LaTeX Warning: Label `-10' multiply defined.


LaTeX Warning: Label `ezr' multiply defined.


LaTeX Warning: Label `-8' multiply defined.


LaTeX Warning: Label `-9' multiply defined.

)
\openout1 = `practice_contents_with_answers.aux'.

LaTeX Font Info:    Checking defaults for OML/cmm/m/it on input line 149.
LaTeX Font Info:    ... okay on input line 149.
LaTeX Font Info:    Checking defaults for T1/cmr/m/n on input line 149.
LaTeX Font Info:    ... okay on input line 149.
LaTeX Font Info:    Checking defaults for OT1/cmr/m/n on input line 149.
LaTeX Font Info:    ... okay on input line 149.
LaTeX Font Info:    Checking defaults for OMS/cmsy/m/n on input line 149.
LaTeX Font Info:    ... okay on input line 149.
LaTeX Font Info:    Checking defaults for TU/lmr/m/n on input line 149.
LaTeX Font Info:    ... okay on input line 149.
LaTeX Font Info:    Checking defaults for OMX/cmex/m/n on input line 149.
LaTeX Font Info:    ... okay on input line 149.
LaTeX Font Info:    Checking defaults for U/cmr/m/n on input line 149.
LaTeX Font Info:    ... okay on input line 149.
LaTeX Font Info:    Checking defaults for TS1/cmr/m/n on input line 149.
LaTeX Font Info:    Try loading font information for TS1+cmr on input line 149.

(/Users/wangcc.me/Library/TinyTeX/texmf-dist/tex/latex/base/ts1cmr.fd
File: ts1cmr.fd 2014/09/29 v2.5h Standard LaTeX font definitions
)
LaTeX Font Info:    ... okay on input line 149.
LaTeX Font Info:    Checking defaults for PD1/pdf/m/n on input line 149.
LaTeX Font Info:    ... okay on input line 149.
LaTeX Font Info:    Checking defaults for PU/pdf/m/n on input line 149.
LaTeX Font Info:    ... okay on input line 149.
\c@lstlisting=\count348
LaTeX Font Info:    Font shape `TU/IPAexMincho(1)/bx/n' will be
(Font)              scaled to size 12.0pt on input line 149.
LaTeX Font Info:    Font shape `TU/IPAexMincho(1)/bx/n' will be
(Font)              scaled to size 14.4pt on input line 149.
LaTeX Font Info:    Font shape `TU/IPAexMincho(1)/bx/n' will be
(Font)              scaled to size 17.28pt on input line 149.
LaTeX Font Info:    Try loading font information for OT1+lmr on input line 149.

(/Users/wangcc.me/Library/TinyTeX/texmf-dist/tex/latex/lm/ot1lmr.fd
File: ot1lmr.fd 2009/10/30 v1.6 Font defs for Latin Modern
)
LaTeX Font Info:    Try loading font information for OML+lmm on input line 149.

(/Users/wangcc.me/Library/TinyTeX/texmf-dist/tex/latex/lm/omllmm.fd
File: omllmm.fd 2009/10/30 v1.6 Font defs for Latin Modern
)
LaTeX Font Info:    Try loading font information for OMS+lmsy on input line 149
.
(/Users/wangcc.me/Library/TinyTeX/texmf-dist/tex/latex/lm/omslmsy.fd
File: omslmsy.fd 2009/10/30 v1.6 Font defs for Latin Modern
)
LaTeX Font Info:    Try loading font information for OMX+lmex on input line 149
.
(/Users/wangcc.me/Library/TinyTeX/texmf-dist/tex/latex/lm/omxlmex.fd
File: omxlmex.fd 2009/10/30 v1.6 Font defs for Latin Modern
)
LaTeX Font Info:    External font `lmex10' loaded for size
(Font)              <14.4> on input line 149.
LaTeX Font Info:    External font `lmex10' loaded for size
(Font)              <10> on input line 149.
LaTeX Font Info:    External font `lmex10' loaded for size
(Font)              <7> on input line 149.
LaTeX Font Info:    Try loading font information for U+lasy on input line 149.
(/Users/wangcc.me/Library/TinyTeX/texmf-dist/tex/latex/base/ulasy.fd
File: ulasy.fd 1998/08/17 v2.2e LaTeX symbol font definitions
)
LaTeX Font Info:    Try loading font information for U+msa on input line 149.
(/Users/wangcc.me/Library/TinyTeX/texmf-dist/tex/latex/amsfonts/umsa.fd
File: umsa.fd 2013/01/14 v3.01 AMS symbols A
)
LaTeX Font Info:    Try loading font information for U+msb on input line 149.
(/Users/wangcc.me/Library/TinyTeX/texmf-dist/tex/latex/amsfonts/umsb.fd
File: umsb.fd 2013/01/14 v3.01 AMS symbols B
)
LaTeX Font Info:    Try loading font information for U+rsfs on input line 149.
(/Users/wangcc.me/Library/TinyTeX/texmf-dist/tex/latex/jknapltx/ursfs.fd
File: ursfs.fd 1998/03/24 rsfs font definition file (jk)
)
Overfull \hbox (45.5557pt too wide) in paragraph at lines 149--149
 | [] 
 []

\AtBeginShipoutBox=\box102
Package hyperref Info: Link coloring OFF on input line 149.
(/Users/wangcc.me/Library/TinyTeX/texmf-dist/tex/latex/hyperref/nameref.sty
Package: nameref 2016/05/21 v2.44 Cross-referencing by name of section

(/Users/wangcc.me/Library/TinyTeX/texmf-dist/tex/generic/oberdiek/gettitlestrin
g.sty
Package: gettitlestring 2016/05/16 v1.5 Cleanup title references (HO)
)
\c@section@level=\count349
)
LaTeX Info: Redefining \ref on input line 149.
LaTeX Info: Redefining \pageref on input line 149.
LaTeX Info: Redefining \nameref on input line 149.
(./practice_contents_with_answers.out) (./practice_contents_with_answers.out)
\@outlinefile=\write6
\openout6 = `practice_contents_with_answers.out'.

ABD: EveryShipout initializing macros
*geometry* driver: auto-detecting
*geometry* detected driver: xetex
*geometry* verbose mode - [ preamble ] result:
* driver: xetex
* paper: <default>
* layout: <same size as paper>
* layoutoffset:(h,v)=(0.0pt,0.0pt)
* modes: 
* h-part:(L,W,R)=(72.26999pt, 469.75502pt, 72.26999pt)
* v-part:(T,H,B)=(72.26999pt, 650.43001pt, 72.26999pt)
* \paperwidth=614.295pt
* \paperheight=794.96999pt
* \textwidth=469.75502pt
* \textheight=650.43001pt
* \oddsidemargin=0.0pt
* \evensidemargin=0.0pt
* \topmargin=-37.0pt
* \headheight=12.0pt
* \headsep=25.0pt
* \topskip=12.0pt
* \footskip=30.0pt
* \marginparwidth=44.0pt
* \marginparsep=10.0pt
* \columnsep=10.0pt
* \skip\footins=10.8pt plus 4.0pt minus 2.0pt
* \hoffset=0.0pt
* \voffset=0.0pt
* \mag=1000
* \@twocolumnfalse
* \@twosidefalse
* \@mparswitchfalse
* \@reversemarginfalse
* (1in=72.27pt=25.4mm, 1cm=28.453pt)

LaTeX Font Info:    Font shape `TU/IPAexMincho(1)/m/n' will be
(Font)              scaled to size 17.28pt on input line 153.
LaTeX Font Info:    Font shape `TU/IPAexMincho(1)/bx/n' will be
(Font)              scaled to size 10.0pt on input line 153.
(./practice_contents_with_answers.toc
LaTeX Font Info:    External font `lmex10' loaded for size
(Font)              <12> on input line 41.
LaTeX Font Info:    External font `lmex10' loaded for size
(Font)              <8> on input line 41.
LaTeX Font Info:    External font `lmex10' loaded for size
(Font)              <6> on input line 41.
)
\tf@toc=\write7
\openout7 = `practice_contents_with_answers.toc'.


(/Users/wangcc.me/Library/TinyTeX/texmf-dist/tex/generic/oberdiek/se-ascii-prin
t.def
File: se-ascii-print.def 2016/05/16 v1.11 stringenc: Printable ASCII characters

)
Overfull \hbox (54.08838pt too wide) in paragraph at lines 164--170
 [] 
 []

[1

]

Package xcolor Warning: Incompatible color definition on input line 204.

LaTeX Font Info:    Font shape `TU/IPAexGothic(2)/m/n' will be
(Font)              scaled to size 12.0pt on input line 205.

LaTeX Font Warning: Font shape `TU/IPAexGothic(2)/bx/n' undefined
(Font)              using `TU/IPAexGothic(2)/m/n' instead on input line 206.

LaTeX Font Info:    Font shape `TU/IPAexGothic(2)/bx/n' will be
(Font)              scaled to size 12.0pt on input line 206.

Package xcolor Warning: Incompatible color definition on input line 208.


Package xcolor Warning: Incompatible color definition on input line 208.

LaTeX Font Info:    Font shape `TU/IPAexMincho(1)/m/n' will be
(Font)              scaled to size 14.4pt on input line 210.

Package xcolor Warning: Incompatible color definition on input line 232.


Package Fancyhdr Warning: \headheight is too small (12.0pt): 
Make it at least 14.49998pt.
We now make it that large for the rest of the document.
This may cause the page layout to be inconsistent, however.

[2]

Package xcolor Warning: Incompatible color definition on input line 236.


Package xcolor Warning: Incompatible color definition on input line 236.

File: pic/tvaluepvalue00.png Graphic file (type bmp)
<pic/tvaluepvalue00.png>

Package xcolor Warning: Incompatible color definition on input line 246.


Package xcolor Warning: Incompatible color definition on input line 251.


Package xcolor Warning: Incompatible color definition on input line 251.

File: pic/myttest01.png Graphic file (type bmp)
<pic/myttest01.png>
[3]

Package xcolor Warning: Incompatible color definition on input line 286.


Package xcolor Warning: Incompatible color definition on input line 290.


Package xcolor Warning: Incompatible color definition on input line 290.

[4]

Package xcolor Warning: Incompatible color definition on input line 313.


Package xcolor Warning: Incompatible color definition on input line 317.


Package xcolor Warning: Incompatible color definition on input line 317.

File: pic/ftest.png Graphic file (type bmp)
<pic/ftest.png>

Package xcolor Warning: Incompatible color definition on input line 328.


Package xcolor Warning: Incompatible color definition on input line 333.


Package xcolor Warning: Incompatible color definition on input line 333.

[5]
File: pic/ftest01.png Graphic file (type bmp)
<pic/ftest01.png>
[6]

Package xcolor Warning: Incompatible color definition on input line 373.


Package xcolor Warning: Incompatible color definition on input line 377.


Package xcolor Warning: Incompatible color definition on input line 377.


Package xcolor Warning: Incompatible color definition on input line 403.


Package xcolor Warning: Incompatible color definition on input line 407.


Package xcolor Warning: Incompatible color definition on input line 407.

File: pic/tvaluepvalue01.png Graphic file (type bmp)
<pic/tvaluepvalue01.png>
[7]

Package xcolor Warning: Incompatible color definition on input line 418.


Package xcolor Warning: Incompatible color definition on input line 423.


Package xcolor Warning: Incompatible color definition on input line 423.

File: pic/myttest02.png Graphic file (type bmp)
<pic/myttest02.png>
[8] [9]
File: pic/import00.png Graphic file (type bmp)
<pic/import00.png>
File: pic/import02.png Graphic file (type bmp)
<pic/import02.png>
[10]
File: pic/import03.png Graphic file (type bmp)
<pic/import03.png>
File: pic/import04.png Graphic file (type bmp)
<pic/import04.png>
[11]
File: pic/import05.png Graphic file (type bmp)
<pic/import05.png>
File: pic/scatter00.png Graphic file (type bmp)
<pic/scatter00.png>
[12]

Package xcolor Warning: Incompatible color definition on input line 493.


Package xcolor Warning: Incompatible color definition on input line 500.


Package xcolor Warning: Incompatible color definition on input line 500.

File: pic/scatter01.png Graphic file (type bmp)
<pic/scatter01.png>
[13]

Package xcolor Warning: Incompatible color definition on input line 511.


Package xcolor Warning: Incompatible color definition on input line 517.


Package xcolor Warning: Incompatible color definition on input line 517.

File: pic/box01.png Graphic file (type bmp)
<pic/box01.png>
LaTeX Font Info:    Font shape `TU/IPAexGothic(2)/bx/n' will be
(Font)              scaled to size 14.4pt on input line 525.

Overfull \hbox (90.20201pt too wide) in paragraph at lines 527--528
\TU/IPAexMincho(1)/m/n/12       R          ,         
   $[]$ 
 []


Package xcolor Warning: Incompatible color definition on input line 529.


LaTeX Font Warning: Font shape `TU/IPAexGothic(2)/m/it' undefined
(Font)              using `TU/IPAexGothic(2)/m/n' instead on input line 531.


Package xcolor Warning: Incompatible color definition on input line 534.


Package xcolor Warning: Incompatible color definition on input line 534.


Package xcolor Warning: Incompatible color definition on input line 540.

LaTeX Font Info:    Font shape `TU/IPAexGothic(2)/m/it' will be
(Font)              scaled to size 12.0pt on input line 542.

Package xcolor Warning: Incompatible color definition on input line 545.


Package xcolor Warning: Incompatible color definition on input line 545.


Package xcolor Warning: Incompatible color definition on input line 551.

[14]

Package xcolor Warning: Incompatible color definition on input line 556.


Package xcolor Warning: Incompatible color definition on input line 556.


Package xcolor Warning: Incompatible color definition on input line 562.


Package xcolor Warning: Incompatible color definition on input line 567.


Package xcolor Warning: Incompatible color definition on input line 567.


Package xcolor Warning: Incompatible color definition on input line 573.


Package xcolor Warning: Incompatible color definition on input line 578.


Package xcolor Warning: Incompatible color definition on input line 578.


Package xcolor Warning: Incompatible color definition on input line 617.

[15]

Package xcolor Warning: Incompatible color definition on input line 623.


Package xcolor Warning: Incompatible color definition on input line 623.


Package xcolor Warning: Incompatible color definition on input line 629.


Package xcolor Warning: Incompatible color definition on input line 635.


Package xcolor Warning: Incompatible color definition on input line 635.

File: pic/betaalpha.png Graphic file (type bmp)
<pic/betaalpha.png>
File: pic/lm00.png Graphic file (type bmp)
<pic/lm00.png>
[16]
File: pic/lm01.png Graphic file (type bmp)
<pic/lm01.png>
File: pic/lm02.png Graphic file (type bmp)
<pic/lm02.png>
[17]
File: pic/sexfactor00.png Graphic file (type bmp)
<pic/sexfactor00.png>
[18]
File: pic/sexfactor01.png Graphic file (type bmp)
<pic/sexfactor01.png>
File: pic/sexfactor02.png Graphic file (type bmp)
<pic/sexfactor02.png>
File: pic/sexfactor03.png Graphic file (type bmp)
<pic/sexfactor03.png>
[19]
File: pic/lm00.png Graphic file (type bmp)
<pic/lm00.png>
[20]
File: pic/lm04.png Graphic file (type bmp)
<pic/lm04.png>
File: pic/lm05.png Graphic file (type bmp)
<pic/lm05.png>
[21]
File: pic/scatter02.png Graphic file (type bmp)
<pic/scatter02.png>
[22]
File: pic/scatter03.png Graphic file (type bmp)
<pic/scatter03.png>
File: pic/scatter04.png Graphic file (type bmp)
<pic/scatter04.png>
[23]
File: pic/scatter05.png Graphic file (type bmp)
<pic/scatter05.png>
File: pic/scatter06.png Graphic file (type bmp)
<pic/scatter06.png>
[24]
File: pic/scatter07.png Graphic file (type bmp)
<pic/scatter07.png>
[25]
LaTeX Font Info:    External font `lmex10' loaded for size
(Font)              <5> on input line 821.

Overfull \hbox (36.5543pt too wide) in paragraph at lines 846--853
 [] 
 []


Package xcolor Warning: Incompatible color definition on input line 877.

[26]

Package xcolor Warning: Incompatible color definition on input line 881.


Package xcolor Warning: Incompatible color definition on input line 881.


Package xcolor Warning: Incompatible color definition on input line 883.


Package xcolor Warning: Incompatible color definition on input line 887.


Package xcolor Warning: Incompatible color definition on input line 887.

File: pic/mychisqtest02.png Graphic file (type bmp)
<pic/mychisqtest02.png>

Package xcolor Warning: Incompatible color definition on input line 897.


Package xcolor Warning: Incompatible color definition on input line 903.


Package xcolor Warning: Incompatible color definition on input line 903.


Package xcolor Warning: Incompatible color definition on input line 911.


Package xcolor Warning: Incompatible color definition on input line 915.


Package xcolor Warning: Incompatible color definition on input line 915.

File: pic/mychisqtest01.png Graphic file (type bmp)
<pic/mychisqtest01.png>
[27] [28]
File: pic/import00.png Graphic file (type bmp)
<pic/import00.png>
[29]
File: pic/logstic01.png Graphic file (type bmp)
<pic/logstic01.png>
File: pic/logstic02.png Graphic file (type bmp)
<pic/logstic02.png>
File: pic/logstic03.png Graphic file (type bmp)
<pic/logstic03.png>
[30]
File: pic/logstic04.png Graphic file (type bmp)
<pic/logstic04.png>
File: pic/logstic05.png Graphic file (type bmp)
<pic/logstic05.png>
[31]
File: pic/logstic06.png Graphic file (type bmp)
<pic/logstic06.png>
File: pic/logstic07.png Graphic file (type bmp)
<pic/logstic07.png>
[32]
File: pic/logstic08.png Graphic file (type bmp)
<pic/logstic08.png>
File: pic/logstic09.png Graphic file (type bmp)
<pic/logstic09.png>
[33] [34]
File: pic/mltlogstic00.png Graphic file (type bmp)
<pic/mltlogstic00.png>
File: pic/mltlogstic01.png Graphic file (type bmp)
<pic/mltlogstic01.png>
File: pic/mltlogstic02.png Graphic file (type bmp)
<pic/mltlogstic02.png>
[35]
File: pic/mltlogstic03.png Graphic file (type bmp)
<pic/mltlogstic03.png>
File: pic/mltlogstic04.png Graphic file (type bmp)
<pic/mltlogstic04.png>
[36]
File: pic/mltlogstic05.png Graphic file (type bmp)
<pic/mltlogstic05.png>
File: pic/mltlogstic06.png Graphic file (type bmp)
<pic/mltlogstic06.png>
[37]
File: pic/mltlogstic07.png Graphic file (type bmp)
<pic/mltlogstic07.png>
[38] [39] [40]
File: pic/survival00.png Graphic file (type bmp)
<pic/survival00.png>
File: pic/survival01.png Graphic file (type bmp)
<pic/survival01.png>
[41]
File: pic/survival02.png Graphic file (type bmp)
<pic/survival02.png>
File: pic/survival03.png Graphic file (type bmp)
<pic/survival03.png>
[42]
File: pic/survival04.png Graphic file (type bmp)
<pic/survival04.png>
File: pic/survival05.png Graphic file (type bmp)
<pic/survival05.png>
File: pic/survival06.png Graphic file (type bmp)
<pic/survival06.png>
[43]
File: pic/survival0901.png Graphic file (type bmp)
<pic/survival0901.png>
File: pic/survival0902.png Graphic file (type bmp)
<pic/survival0902.png>
File: pic/survival0903.png Graphic file (type bmp)
<pic/survival0903.png>
[44]
File: pic/survival07.png Graphic file (type bmp)
<pic/survival07.png>
File: pic/survival08.png Graphic file (type bmp)
<pic/survival08.png>
[45]
File: pic/survival09.png Graphic file (type bmp)
<pic/survival09.png>
File: pic/survival10.png Graphic file (type bmp)
<pic/survival10.png>
[46]
File: pic/survival11.png Graphic file (type bmp)
<pic/survival11.png>
File: pic/survival12.png Graphic file (type bmp)
<pic/survival12.png>
File: pic/survival13.png Graphic file (type bmp)
<pic/survival13.png>
[47]
File: pic/survival14.png Graphic file (type bmp)
<pic/survival14.png>
File: pic/survival15.png Graphic file (type bmp)
<pic/survival15.png>
[48]
File: pic/survival16.png Graphic file (type bmp)
<pic/survival16.png>
File: pic/survival17.png Graphic file (type bmp)
<pic/survival17.png>
[49]
File: pic/survival18.png Graphic file (type bmp)
<pic/survival18.png>
File: pic/survival19.png Graphic file (type bmp)
<pic/survival19.png>
[50] [51]
Package atveryend Info: Empty hook `BeforeClearDocument' on input line 1538.
Package atveryend Info: Empty hook `AfterLastShipout' on input line 1538.
(./practice_contents_with_answers.aux)
Package atveryend Info: Empty hook `AtVeryEndDocument' on input line 1538.
Package atveryend Info: Executing hook `AtEndAfterFileList' on input line 1538.

Package rerunfilecheck Info: File `practice_contents_with_answers.out' has not 
changed.
(rerunfilecheck)             Checksum: 2EFB988C11A10596CC49E22476054927.

LaTeX Font Warning: Some font shapes were not available, defaults substituted.


LaTeX Warning: There were multiply-defined labels.

 ) 
Here is how much of TeX's memory you used:
 38233 strings out of 494894
 725020 string characters out of 6173843
 853470 words of memory out of 5000000
 41479 multiletter control sequences out of 15000+600000
 585082 words of font info for 108 fonts, out of 8000000 for 9000
 14 hyphenation exceptions out of 8191
 55i,12n,121p,827b,461s stack positions out of 5000i,500n,10000p,200000b,80000s

Output written on practice_contents_with_answers.pdf (51 pages).
